<?xml version="1.0" encoding="UTF-8"?>
<testsuite xmlns:xsi="http://www.w3.org/2001/XMLSchema-instance" xsi:noNamespaceSchemaLocation="https://maven.apache.org/surefire/maven-surefire-plugin/xsd/surefire-test-report-3.0.xsd" version="3.0" name="patienttracker.AppointmentControllerIntegrationTest" time="1.082" tests="1" errors="0" skipped="0" failures="0">
  <properties>
[...]
</properties>
  <testcase name="addNewAppointment" classname="patienttracker.AppointmentControllerIntegrationTest" time="0.348">
    <system-out><![CDATA[2023-12-15T22:22:08.206-05:00  INFO 22324 --- [           main] t.c.s.AnnotationConfigContextLoaderUtils : Could not detect default configuration classes for test class [patienttracker.AppointmentControllerIntegrationTest]: AppointmentControllerIntegrationTest does not declare any static, non-private, non-final, nested classes annotated with @Configuration.
2023-12-15T22:22:08.207-05:00  INFO 22324 --- [           main] .b.t.c.SpringBootTestContextBootstrapper : Found @SpringBootConfiguration patienttracker.PatienttrackerApplication for test class patienttracker.AppointmentControllerIntegrationTest

  .   ____          _            __ _ _
 /\\ / ___'_ __ _ _(_)_ __  __ _ \ \ \ \
( ( )\___ | '_ | '_| | '_ \/ _` | \ \ \ \
 \\/  ___)| |_)| | | | | || (_| |  ) ) ) )
  '  |____| .__|_| |_|_| |_\__, | / / / /
 =========|_|==============|___/=/_/_/_/
 :: Spring Boot ::                (v3.2.0)

2023-12-15T22:22:08.237-05:00  INFO 22324 --- [           main] p.AppointmentControllerIntegrationTest   : Starting AppointmentControllerIntegrationTest using Java 21.0.1 with PID 22324 (started by ash in C:\Users\ash\patient-tracker-system)
2023-12-15T22:22:08.237-05:00  INFO 22324 --- [           main] p.AppointmentControllerIntegrationTest   : No active profile set, falling back to 1 default profile: "default"
2023-12-15T22:22:08.346-05:00  INFO 22324 --- [           main] .s.d.r.c.RepositoryConfigurationDelegate : Bootstrapping Spring Data JPA repositories in DEFAULT mode.
2023-12-15T22:22:08.355-05:00  INFO 22324 --- [           main] .s.d.r.c.RepositoryConfigurationDelegate : Finished Spring Data repository scanning in 9 ms. Found 4 JPA repository interfaces.
2023-12-15T22:22:08.503-05:00  INFO 22324 --- [           main] o.s.b.w.embedded.tomcat.TomcatWebServer  : Tomcat initialized with port 0 (http)
2023-12-15T22:22:08.515-05:00  INFO 22324 --- [           main] o.apache.catalina.core.StandardService   : Starting service [Tomcat]
2023-12-15T22:22:08.515-05:00  INFO 22324 --- [           main] o.apache.catalina.core.StandardEngine    : Starting Servlet engine: [Apache Tomcat/10.1.16]
2023-12-15T22:22:08.568-05:00  INFO 22324 --- [           main] o.a.c.c.C.[Tomcat].[localhost].[/]       : Initializing Spring embedded WebApplicationContext
2023-12-15T22:22:08.569-05:00  INFO 22324 --- [           main] w.s.c.ServletWebServerApplicationContext : Root WebApplicationContext: initialization completed in 330 ms
2023-12-15T22:22:08.630-05:00  INFO 22324 --- [           main] o.hibernate.jpa.internal.util.LogHelper  : HHH000204: Processing PersistenceUnitInfo [name: default]
2023-12-15T22:22:08.633-05:00  INFO 22324 --- [           main] o.h.c.internal.RegionFactoryInitiator    : HHH000026: Second-level cache disabled
2023-12-15T22:22:08.636-05:00  INFO 22324 --- [           main] o.s.o.j.p.SpringPersistenceUnitInfo      : No LoadTimeWeaver setup: ignoring JPA class transformer
2023-12-15T22:22:08.637-05:00  INFO 22324 --- [           main] com.zaxxer.hikari.HikariDataSource       : HikariPool-2 - Starting...
2023-12-15T22:22:08.660-05:00  INFO 22324 --- [           main] com.zaxxer.hikari.pool.HikariPool        : HikariPool-2 - Added connection org.postgresql.jdbc.PgConnection@65bbabfc
2023-12-15T22:22:08.661-05:00  INFO 22324 --- [           main] com.zaxxer.hikari.HikariDataSource       : HikariPool-2 - Start completed.
2023-12-15T22:22:08.666-05:00  WARN 22324 --- [           main] org.hibernate.orm.deprecation            : HHH90000025: PostgreSQLDialect does not need to be specified explicitly using 'hibernate.dialect' (remove the property setting and it will be selected by default)
2023-12-15T22:22:08.723-05:00  INFO 22324 --- [           main] o.h.e.t.j.p.i.JtaPlatformInitiator       : HHH000489: No JTA platform available (set 'hibernate.transaction.jta.platform' to enable JTA platform integration)
Hibernate: 
    alter table if exists doctor 
       drop constraint if exists FK2r1t8h3hetn3o0mkyel9aj06i
Hibernate: 
    alter table if exists patient 
       drop constraint if exists FKj6hflohktowhoed26peop3i8h
Hibernate: 
    drop table if exists appointments cascade
Hibernate: 
    drop table if exists doctor cascade
Hibernate: 
    drop table if exists patient cascade
Hibernate: 
    drop table if exists tracker_user cascade
Hibernate: 
    drop sequence if exists appt_sequence
Hibernate: 
    drop sequence if exists user_sequence
Hibernate: 
    create sequence appt_sequence start with 1 increment by 1
Hibernate: 
    create sequence user_sequence start with 1 increment by 1
Hibernate: 
    create table appointments (
        status char(1),
        date_time timestamp(6),
        doctor_id bigint,
        id bigint not null,
        patient_id bigint,
        purpose varchar(255),
        primary key (id),
        unique (doctor_id, date_time)
    )
Hibernate: 
    create table doctor (
        yoe integer,
        user_id bigint not null,
        hospital varchar(255),
        qualification varchar(255),
        specialization varchar(255),
        primary key (user_id)
    )
Hibernate: 
    create table patient (
        user_id bigint not null,
        allergies varchar(255),
        chronic_conditions varchar(255),
        history varchar(255),
        primary key (user_id)
    )
Hibernate: 
    create table tracker_user (
        dob date,
        gender char(1),
        user_type char(1),
        id bigint not null,
        first_name varchar(255),
        last_name varchar(255),
        password varchar(255),
        username varchar(255) unique,
        primary key (id)
    )
Hibernate: 
    alter table if exists doctor 
       add constraint FK2r1t8h3hetn3o0mkyel9aj06i 
       foreign key (user_id) 
       references tracker_user
Hibernate: 
    alter table if exists patient 
       add constraint FKj6hflohktowhoed26peop3i8h 
       foreign key (user_id) 
       references tracker_user
2023-12-15T22:22:08.778-05:00  INFO 22324 --- [           main] j.LocalContainerEntityManagerFactoryBean : Initialized JPA EntityManagerFactory for persistence unit 'default'
2023-12-15T22:22:08.835-05:00  WARN 22324 --- [           main] JpaBaseConfiguration$JpaWebConfiguration : spring.jpa.open-in-view is enabled by default. Therefore, database queries may be performed during view rendering. Explicitly configure spring.jpa.open-in-view to disable this warning
2023-12-15T22:22:08.931-05:00  INFO 22324 --- [           main] o.s.b.w.embedded.tomcat.TomcatWebServer  : Tomcat started on port 56595 (http) with context path ''
2023-12-15T22:22:08.933-05:00  INFO 22324 --- [           main] p.AppointmentControllerIntegrationTest   : Started AppointmentControllerIntegrationTest in 0.723 seconds (process running for 5.93)
2023-12-15T22:22:09.065-05:00  INFO 22324 --- [o-auto-1-exec-1] o.a.c.c.C.[Tomcat].[localhost].[/]       : Initializing Spring DispatcherServlet 'dispatcherServlet'
2023-12-15T22:22:09.065-05:00  INFO 22324 --- [o-auto-1-exec-1] o.s.web.servlet.DispatcherServlet        : Initializing Servlet 'dispatcherServlet'
2023-12-15T22:22:09.066-05:00  INFO 22324 --- [o-auto-1-exec-1] o.s.web.servlet.DispatcherServlet        : Completed initialization in 1 ms
Hibernate: 
    select
        a1_0.id,
        a1_0.date_time,
        a1_0.doctor_id,
        a1_0.patient_id,
        a1_0.purpose,
        a1_0.status 
    from
        appointments a1_0 
    where
        a1_0.id=?
Hibernate: 
    select
        nextval('appt_sequence')
Hibernate: 
    insert 
    into
        appointments
        (date_time, doctor_id, patient_id, purpose, status, id) 
    values
        (?, ?, ?, ?, ?, ?)
Hibernate: 
    select
        a1_0.id,
        a1_0.date_time,
        a1_0.doctor_id,
        a1_0.patient_id,
        a1_0.purpose,
        a1_0.status 
    from
        appointments a1_0
]]></system-out>
  </testcase>
</testsuite>